<?xml version="1.0" encoding="UTF-8"?>
<testsuite name="JsonDatabaseTest" tests="1" skipped="0" failures="0" errors="0" timestamp="2023-04-22T14:17:38" hostname="et-h5.kzn.21-school.ru" time="0.619">
  <properties/>
  <testcase name="start" classname="JsonDatabaseTest" time="0.619"/>
  <system-out><![CDATA[?[1;31m
Start test 1?[0m
Server started!
Client started!
Sent: {"type":"exit","key":null}
Received: {"response":"OK"}
?[1;31m
Start test 2?[0m
Server started!
Client started!
Sent: {"type":"get","key":"1"}
Received: {"response":"ERROR","reason":"No such key"}
Client started!
Sent: {"type":"set","key":"1","value":"Hello world!"}
Received: {"response":"OK"}
Client started!
Sent: {"type":"set","key":"1","value":"HelloWorld!"}
Received: {"response":"OK"}
Client started!
Sent: {"type":"get","key":"1"}
Received: {"response":"OK","value":"HelloWorld!"}
Client started!
Sent: {"type":"delete","key":"1"}
Received: {"response":"OK"}
Client started!
Sent: {"type":"delete","key":"1"}
Received: {"response":"ERROR","reason":"No such key"}
Client started!
Sent: {"type":"get","key":"1"}
Received: {"response":"ERROR","reason":"No such key"}
Client started!
Sent: {"type":"set","key":"text","value":"Some text here"}
Received: {"response":"OK"}
Client started!
Sent: {"type":"get","key":"text"}
Received: {"response":"OK","value":"Some text here"}
Client started!
Sent: {"type":"get","key":"56"}
Received: {"response":"ERROR","reason":"No such key"}
Client started!
Sent: {"type":"delete","key":"56"}
Received: {"response":"ERROR","reason":"No such key"}
Client started!
Sent: {"type":"delete","key":"100"}
Received: {"response":"ERROR","reason":"No such key"}
Client started!
Sent: {"type":"delete","key":"That key doesn't exist"}
Received: {"response":"ERROR","reason":"No such key"}
Client started!
Sent: {"type":"exit","key":null}
Received: {"response":"OK"}
]]></system-out>
  <system-err><![CDATA[]]></system-err>
</testsuite>
